<?xml version="1.0" encoding="UTF-8"?>
<!-- Generated by org.testng.reporters.JUnitReportReporter -->
<testsuite hostname="LAPTOP-O0K43E3F" failures="0" tests="1" name="DataDriven.ExcelDataProvider.Excel" time="0.657" errors="0" timestamp="2024-01-06T11:32:45 IST" skipped="0">
  <testcase classname="DataDriven.ExcelDataProvider.Excel" name="getExcel" time="0.657"/>
  <system-out/>
</testsuite> <!-- DataDriven.ExcelDataProvider.Excel -->
